<?xml version="1.0" encoding="UTF-8"?>
<testsuite xmlns:xsi="http://www.w3.org/2001/XMLSchema-instance" xsi:noNamespaceSchemaLocation="https://maven.apache.org/surefire/maven-surefire-plugin/xsd/surefire-test-report-3.0.xsd" version="3.0" name="it.unical.api.MapperUnitTest" time="0.049" tests="2" errors="0" skipped="0" failures="0">
  <properties>
    <property name="java.specification.version" value="21"/>
    <property name="sun.jnu.encoding" value="UTF-8"/>
    <property name="java.class.path" value="/home/bleff/Documenti/repositories/ing-sw/designPatterns/DTO/target/test-classes:/home/bleff/Documenti/repositories/ing-sw/designPatterns/DTO/target/classes:/home/bleff/.m2/repository/org/springframework/boot/spring-boot-starter-web/2.7.5/spring-boot-starter-web-2.7.5.jar:/home/bleff/.m2/repository/org/springframework/boot/spring-boot-starter/2.7.5/spring-boot-starter-2.7.5.jar:/home/bleff/.m2/repository/org/springframework/boot/spring-boot/2.7.5/spring-boot-2.7.5.jar:/home/bleff/.m2/repository/org/springframework/boot/spring-boot-autoconfigure/2.7.5/spring-boot-autoconfigure-2.7.5.jar:/home/bleff/.m2/repository/org/springframework/boot/spring-boot-starter-logging/2.7.5/spring-boot-starter-logging-2.7.5.jar:/home/bleff/.m2/repository/ch/qos/logback/logback-classic/1.2.11/logback-classic-1.2.11.jar:/home/bleff/.m2/repository/ch/qos/logback/logback-core/1.2.11/logback-core-1.2.11.jar:/home/bleff/.m2/repository/org/apache/logging/log4j/log4j-to-slf4j/2.17.2/log4j-to-slf4j-2.17.2.jar:/home/bleff/.m2/repository/org/apache/logging/log4j/log4j-api/2.17.2/log4j-api-2.17.2.jar:/home/bleff/.m2/repository/org/slf4j/jul-to-slf4j/1.7.36/jul-to-slf4j-1.7.36.jar:/home/bleff/.m2/repository/jakarta/annotation/jakarta.annotation-api/1.3.5/jakarta.annotation-api-1.3.5.jar:/home/bleff/.m2/repository/org/yaml/snakeyaml/1.30/snakeyaml-1.30.jar:/home/bleff/.m2/repository/org/springframework/boot/spring-boot-starter-json/2.7.5/spring-boot-starter-json-2.7.5.jar:/home/bleff/.m2/repository/com/fasterxml/jackson/core/jackson-databind/2.13.4.2/jackson-databind-2.13.4.2.jar:/home/bleff/.m2/repository/com/fasterxml/jackson/core/jackson-annotations/2.13.4/jackson-annotations-2.13.4.jar:/home/bleff/.m2/repository/com/fasterxml/jackson/core/jackson-core/2.13.4/jackson-core-2.13.4.jar:/home/bleff/.m2/repository/com/fasterxml/jackson/datatype/jackson-datatype-jdk8/2.13.4/jackson-datatype-jdk8-2.13.4.jar:/home/bleff/.m2/repository/com/fasterxml/jackson/datatype/jackson-datatype-jsr310/2.13.4/jackson-datatype-jsr310-2.13.4.jar:/home/bleff/.m2/repository/com/fasterxml/jackson/module/jackson-module-parameter-names/2.13.4/jackson-module-parameter-names-2.13.4.jar:/home/bleff/.m2/repository/org/springframework/boot/spring-boot-starter-tomcat/2.7.5/spring-boot-starter-tomcat-2.7.5.jar:/home/bleff/.m2/repository/org/apache/tomcat/embed/tomcat-embed-core/9.0.68/tomcat-embed-core-9.0.68.jar:/home/bleff/.m2/repository/org/apache/tomcat/embed/tomcat-embed-el/9.0.68/tomcat-embed-el-9.0.68.jar:/home/bleff/.m2/repository/org/apache/tomcat/embed/tomcat-embed-websocket/9.0.68/tomcat-embed-websocket-9.0.68.jar:/home/bleff/.m2/repository/org/springframework/spring-web/5.3.23/spring-web-5.3.23.jar:/home/bleff/.m2/repository/org/springframework/spring-beans/5.3.23/spring-beans-5.3.23.jar:/home/bleff/.m2/repository/org/springframework/spring-webmvc/5.3.23/spring-webmvc-5.3.23.jar:/home/bleff/.m2/repository/org/springframework/spring-aop/5.3.23/spring-aop-5.3.23.jar:/home/bleff/.m2/repository/org/springframework/spring-context/5.3.23/spring-context-5.3.23.jar:/home/bleff/.m2/repository/org/springframework/spring-expression/5.3.23/spring-expression-5.3.23.jar:/home/bleff/.m2/repository/org/springframework/boot/spring-boot-starter-test/2.7.5/spring-boot-starter-test-2.7.5.jar:/home/bleff/.m2/repository/org/springframework/boot/spring-boot-test/2.7.5/spring-boot-test-2.7.5.jar:/home/bleff/.m2/repository/org/springframework/boot/spring-boot-test-autoconfigure/2.7.5/spring-boot-test-autoconfigure-2.7.5.jar:/home/bleff/.m2/repository/com/jayway/jsonpath/json-path/2.7.0/json-path-2.7.0.jar:/home/bleff/.m2/repository/net/minidev/json-smart/2.4.7/json-smart-2.4.7.jar:/home/bleff/.m2/repository/net/minidev/accessors-smart/2.4.7/accessors-smart-2.4.7.jar:/home/bleff/.m2/repository/org/ow2/asm/asm/9.1/asm-9.1.jar:/home/bleff/.m2/repository/jakarta/xml/bind/jakarta.xml.bind-api/2.3.3/jakarta.xml.bind-api-2.3.3.jar:/home/bleff/.m2/repository/jakarta/activation/jakarta.activation-api/1.2.2/jakarta.activation-api-1.2.2.jar:/home/bleff/.m2/repository/org/assertj/assertj-core/3.22.0/assertj-core-3.22.0.jar:/home/bleff/.m2/repository/org/hamcrest/hamcrest/2.2/hamcrest-2.2.jar:/home/bleff/.m2/repository/org/junit/jupiter/junit-jupiter/5.8.2/junit-jupiter-5.8.2.jar:/home/bleff/.m2/repository/org/mockito/mockito-core/4.5.1/mockito-core-4.5.1.jar:/home/bleff/.m2/repository/net/bytebuddy/byte-buddy-agent/1.12.9/byte-buddy-agent-1.12.9.jar:/home/bleff/.m2/repository/org/objenesis/objenesis/3.2/objenesis-3.2.jar:/home/bleff/.m2/repository/org/mockito/mockito-junit-jupiter/4.5.1/mockito-junit-jupiter-4.5.1.jar:/home/bleff/.m2/repository/org/skyscreamer/jsonassert/1.5.1/jsonassert-1.5.1.jar:/home/bleff/.m2/repository/com/vaadin/external/google/android-json/0.0.20131108.vaadin1/android-json-0.0.20131108.vaadin1.jar:/home/bleff/.m2/repository/org/springframework/spring-core/5.3.23/spring-core-5.3.23.jar:/home/bleff/.m2/repository/org/springframework/spring-jcl/5.3.23/spring-jcl-5.3.23.jar:/home/bleff/.m2/repository/org/springframework/spring-test/5.3.23/spring-test-5.3.23.jar:/home/bleff/.m2/repository/org/xmlunit/xmlunit-core/2.9.0/xmlunit-core-2.9.0.jar:/home/bleff/.m2/repository/io/rest-assured/rest-assured/5.3.0/rest-assured-5.3.0.jar:/home/bleff/.m2/repository/org/apache/groovy/groovy/4.0.6/groovy-4.0.6.jar:/home/bleff/.m2/repository/org/apache/groovy/groovy-xml/4.0.6/groovy-xml-4.0.6.jar:/home/bleff/.m2/repository/org/apache/httpcomponents/httpclient/4.5.13/httpclient-4.5.13.jar:/home/bleff/.m2/repository/org/apache/httpcomponents/httpcore/4.4.13/httpcore-4.4.13.jar:/home/bleff/.m2/repository/commons-logging/commons-logging/1.2/commons-logging-1.2.jar:/home/bleff/.m2/repository/commons-codec/commons-codec/1.11/commons-codec-1.11.jar:/home/bleff/.m2/repository/org/apache/httpcomponents/httpmime/4.5.13/httpmime-4.5.13.jar:/home/bleff/.m2/repository/org/ccil/cowan/tagsoup/tagsoup/1.2.1/tagsoup-1.2.1.jar:/home/bleff/.m2/repository/io/rest-assured/json-path/5.3.0/json-path-5.3.0.jar:/home/bleff/.m2/repository/org/apache/groovy/groovy-json/4.0.6/groovy-json-4.0.6.jar:/home/bleff/.m2/repository/io/rest-assured/rest-assured-common/5.3.0/rest-assured-common-5.3.0.jar:/home/bleff/.m2/repository/io/rest-assured/xml-path/5.3.0/xml-path-5.3.0.jar:/home/bleff/.m2/repository/org/apache/commons/commons-lang3/3.11/commons-lang3-3.11.jar:/home/bleff/.m2/repository/org/hibernate/orm/hibernate-core/6.4.2.Final/hibernate-core-6.4.2.Final.jar:/home/bleff/.m2/repository/jakarta/persistence/jakarta.persistence-api/3.1.0/jakarta.persistence-api-3.1.0.jar:/home/bleff/.m2/repository/jakarta/transaction/jakarta.transaction-api/2.0.1/jakarta.transaction-api-2.0.1.jar:/home/bleff/.m2/repository/org/jboss/logging/jboss-logging/3.5.0.Final/jboss-logging-3.5.0.Final.jar:/home/bleff/.m2/repository/org/hibernate/common/hibernate-commons-annotations/6.0.6.Final/hibernate-commons-annotations-6.0.6.Final.jar:/home/bleff/.m2/repository/io/smallrye/jandex/3.1.2/jandex-3.1.2.jar:/home/bleff/.m2/repository/com/fasterxml/classmate/1.5.1/classmate-1.5.1.jar:/home/bleff/.m2/repository/net/bytebuddy/byte-buddy/1.14.7/byte-buddy-1.14.7.jar:/home/bleff/.m2/repository/org/glassfish/jaxb/jaxb-runtime/4.0.2/jaxb-runtime-4.0.2.jar:/home/bleff/.m2/repository/org/glassfish/jaxb/jaxb-core/4.0.2/jaxb-core-4.0.2.jar:/home/bleff/.m2/repository/org/eclipse/angus/angus-activation/2.0.0/angus-activation-2.0.0.jar:/home/bleff/.m2/repository/org/glassfish/jaxb/txw2/4.0.2/txw2-4.0.2.jar:/home/bleff/.m2/repository/com/sun/istack/istack-commons-runtime/4.1.1/istack-commons-runtime-4.1.1.jar:/home/bleff/.m2/repository/jakarta/inject/jakarta.inject-api/2.0.1/jakarta.inject-api-2.0.1.jar:/home/bleff/.m2/repository/org/antlr/antlr4-runtime/4.13.0/antlr4-runtime-4.13.0.jar:/home/bleff/.m2/repository/com/mysql/mysql-connector-j/8.2.0/mysql-connector-j-8.2.0.jar:/home/bleff/.m2/repository/com/google/protobuf/protobuf-java/3.21.9/protobuf-java-3.21.9.jar:/home/bleff/.m2/repository/org/springframework/boot/spring-boot-starter-integration/2.7.5/spring-boot-starter-integration-2.7.5.jar:/home/bleff/.m2/repository/org/springframework/boot/spring-boot-starter-aop/2.7.5/spring-boot-starter-aop-2.7.5.jar:/home/bleff/.m2/repository/org/aspectj/aspectjweaver/1.9.7/aspectjweaver-1.9.7.jar:/home/bleff/.m2/repository/org/springframework/integration/spring-integration-core/5.5.15/spring-integration-core-5.5.15.jar:/home/bleff/.m2/repository/org/springframework/spring-messaging/5.3.23/spring-messaging-5.3.23.jar:/home/bleff/.m2/repository/org/springframework/spring-tx/5.3.23/spring-tx-5.3.23.jar:/home/bleff/.m2/repository/org/springframework/retry/spring-retry/1.3.3/spring-retry-1.3.3.jar:/home/bleff/.m2/repository/io/projectreactor/reactor-core/3.4.23/reactor-core-3.4.23.jar:/home/bleff/.m2/repository/org/reactivestreams/reactive-streams/1.0.4/reactive-streams-1.0.4.jar:/home/bleff/.m2/repository/org/springframework/integration/spring-integration-test/5.5.14/spring-integration-test-5.5.14.jar:/home/bleff/.m2/repository/org/springframework/integration/spring-integration-test-support/5.5.14/spring-integration-test-support-5.5.14.jar:/home/bleff/.m2/repository/org/hamcrest/hamcrest-library/2.2/hamcrest-library-2.2.jar:/home/bleff/.m2/repository/org/hamcrest/hamcrest-core/2.2/hamcrest-core-2.2.jar:/home/bleff/.m2/repository/org/apache/camel/camel-core/3.20.4/camel-core-3.20.4.jar:/home/bleff/.m2/repository/org/apache/camel/camel-core-engine/3.20.4/camel-core-engine-3.20.4.jar:/home/bleff/.m2/repository/org/apache/camel/camel-api/3.20.4/camel-api-3.20.4.jar:/home/bleff/.m2/repository/org/apache/camel/camel-base-engine/3.20.4/camel-base-engine-3.20.4.jar:/home/bleff/.m2/repository/org/apache/camel/camel-base/3.20.4/camel-base-3.20.4.jar:/home/bleff/.m2/repository/org/apache/camel/camel-core-reifier/3.20.4/camel-core-reifier-3.20.4.jar:/home/bleff/.m2/repository/org/apache/camel/camel-core-processor/3.20.4/camel-core-processor-3.20.4.jar:/home/bleff/.m2/repository/org/apache/camel/camel-management-api/3.20.4/camel-management-api-3.20.4.jar:/home/bleff/.m2/repository/org/apache/camel/camel-support/3.20.4/camel-support-3.20.4.jar:/home/bleff/.m2/repository/org/apache/camel/camel-util/3.20.4/camel-util-3.20.4.jar:/home/bleff/.m2/repository/org/apache/camel/camel-core-languages/3.20.4/camel-core-languages-3.20.4.jar:/home/bleff/.m2/repository/org/apache/camel/camel-core-model/3.20.4/camel-core-model-3.20.4.jar:/home/bleff/.m2/repository/org/apache/camel/camel-bean/3.20.4/camel-bean-3.20.4.jar:/home/bleff/.m2/repository/org/apache/camel/camel-browse/3.20.4/camel-browse-3.20.4.jar:/home/bleff/.m2/repository/org/apache/camel/camel-cluster/3.20.4/camel-cluster-3.20.4.jar:/home/bleff/.m2/repository/org/apache/camel/camel-controlbus/3.20.4/camel-controlbus-3.20.4.jar:/home/bleff/.m2/repository/org/apache/camel/camel-dataformat/3.20.4/camel-dataformat-3.20.4.jar:/home/bleff/.m2/repository/org/apache/camel/camel-dataset/3.20.4/camel-dataset-3.20.4.jar:/home/bleff/.m2/repository/org/apache/camel/camel-direct/3.20.4/camel-direct-3.20.4.jar:/home/bleff/.m2/repository/org/apache/camel/camel-directvm/3.20.4/camel-directvm-3.20.4.jar:/home/bleff/.m2/repository/org/apache/camel/camel-file/3.20.4/camel-file-3.20.4.jar:/home/bleff/.m2/repository/org/apache/camel/camel-health/3.20.4/camel-health-3.20.4.jar:/home/bleff/.m2/repository/org/apache/camel/camel-language/3.20.4/camel-language-3.20.4.jar:/home/bleff/.m2/repository/org/apache/camel/camel-log/3.20.4/camel-log-3.20.4.jar:/home/bleff/.m2/repository/org/apache/camel/camel-mock/3.20.4/camel-mock-3.20.4.jar:/home/bleff/.m2/repository/org/apache/camel/camel-ref/3.20.4/camel-ref-3.20.4.jar:/home/bleff/.m2/repository/org/apache/camel/camel-rest/3.20.4/camel-rest-3.20.4.jar:/home/bleff/.m2/repository/org/apache/camel/camel-tooling-model/3.20.4/camel-tooling-model-3.20.4.jar:/home/bleff/.m2/repository/org/apache/camel/camel-util-json/3.20.4/camel-util-json-3.20.4.jar:/home/bleff/.m2/repository/org/apache/camel/camel-saga/3.20.4/camel-saga-3.20.4.jar:/home/bleff/.m2/repository/org/apache/camel/camel-scheduler/3.20.4/camel-scheduler-3.20.4.jar:/home/bleff/.m2/repository/org/apache/camel/camel-seda/3.20.4/camel-seda-3.20.4.jar:/home/bleff/.m2/repository/org/apache/camel/camel-stub/3.20.4/camel-stub-3.20.4.jar:/home/bleff/.m2/repository/org/apache/camel/camel-timer/3.20.4/camel-timer-3.20.4.jar:/home/bleff/.m2/repository/org/apache/camel/camel-validator/3.20.4/camel-validator-3.20.4.jar:/home/bleff/.m2/repository/org/apache/camel/camel-vm/3.20.4/camel-vm-3.20.4.jar:/home/bleff/.m2/repository/org/apache/camel/camel-xpath/3.20.4/camel-xpath-3.20.4.jar:/home/bleff/.m2/repository/org/apache/camel/camel-xslt/3.20.4/camel-xslt-3.20.4.jar:/home/bleff/.m2/repository/org/apache/camel/camel-xml-jaxb/3.20.4/camel-xml-jaxb-3.20.4.jar:/home/bleff/.m2/repository/com/sun/xml/bind/jaxb-core/2.3.0/jaxb-core-2.3.0.jar:/home/bleff/.m2/repository/com/sun/xml/bind/jaxb-impl/2.3.3/jaxb-impl-2.3.3.jar:/home/bleff/.m2/repository/com/sun/activation/jakarta.activation/1.2.2/jakarta.activation-1.2.2.jar:/home/bleff/.m2/repository/org/apache/camel/camel-xml-jaxp/3.20.4/camel-xml-jaxp-3.20.4.jar:/home/bleff/.m2/repository/org/apache/camel/camel-xml-io-util/3.20.4/camel-xml-io-util-3.20.4.jar:/home/bleff/.m2/repository/org/slf4j/slf4j-api/1.7.36/slf4j-api-1.7.36.jar:/home/bleff/.m2/repository/org/apache/camel/camel-test-junit5/3.14.0/camel-test-junit5-3.14.0.jar:/home/bleff/.m2/repository/org/junit/jupiter/junit-jupiter-api/5.8.1/junit-jupiter-api-5.8.1.jar:/home/bleff/.m2/repository/org/opentest4j/opentest4j/1.2.0/opentest4j-1.2.0.jar:/home/bleff/.m2/repository/org/junit/platform/junit-platform-commons/1.8.1/junit-platform-commons-1.8.1.jar:/home/bleff/.m2/repository/org/apiguardian/apiguardian-api/1.1.2/apiguardian-api-1.1.2.jar:/home/bleff/.m2/repository/org/junit/jupiter/junit-jupiter-engine/5.8.1/junit-jupiter-engine-5.8.1.jar:/home/bleff/.m2/repository/org/junit/platform/junit-platform-engine/1.8.1/junit-platform-engine-1.8.1.jar:/home/bleff/.m2/repository/org/junit/jupiter/junit-jupiter-params/5.8.1/junit-jupiter-params-5.8.1.jar:"/>
    <property name="java.vm.vendor" value="Amazon.com Inc."/>
    <property name="sun.arch.data.model" value="64"/>
    <property name="java.vendor.url" value="https://aws.amazon.com/corretto/"/>
    <property name="os.name" value="Linux"/>
    <property name="java.vm.specification.version" value="21"/>
    <property name="sun.java.launcher" value="SUN_STANDARD"/>
    <property name="user.country" value="IT"/>
    <property name="sun.boot.library.path" value="/home/bleff/.jdks/corretto-21.0.6/lib"/>
    <property name="sun.java.command" value="/home/bleff/Documenti/repositories/ing-sw/designPatterns/DTO/target/surefire/surefirebooter-20250423155310779_3.jar /home/bleff/Documenti/repositories/ing-sw/designPatterns/DTO/target/surefire 2025-04-23T15-53-10_736-jvmRun1 surefire-20250423155310779_1tmp surefire_0-20250423155310779_2tmp"/>
    <property name="jdk.debug" value="release"/>
    <property name="surefire.test.class.path" value="/home/bleff/Documenti/repositories/ing-sw/designPatterns/DTO/target/test-classes:/home/bleff/Documenti/repositories/ing-sw/designPatterns/DTO/target/classes:/home/bleff/.m2/repository/org/springframework/boot/spring-boot-starter-web/2.7.5/spring-boot-starter-web-2.7.5.jar:/home/bleff/.m2/repository/org/springframework/boot/spring-boot-starter/2.7.5/spring-boot-starter-2.7.5.jar:/home/bleff/.m2/repository/org/springframework/boot/spring-boot/2.7.5/spring-boot-2.7.5.jar:/home/bleff/.m2/repository/org/springframework/boot/spring-boot-autoconfigure/2.7.5/spring-boot-autoconfigure-2.7.5.jar:/home/bleff/.m2/repository/org/springframework/boot/spring-boot-starter-logging/2.7.5/spring-boot-starter-logging-2.7.5.jar:/home/bleff/.m2/repository/ch/qos/logback/logback-classic/1.2.11/logback-classic-1.2.11.jar:/home/bleff/.m2/repository/ch/qos/logback/logback-core/1.2.11/logback-core-1.2.11.jar:/home/bleff/.m2/repository/org/apache/logging/log4j/log4j-to-slf4j/2.17.2/log4j-to-slf4j-2.17.2.jar:/home/bleff/.m2/repository/org/apache/logging/log4j/log4j-api/2.17.2/log4j-api-2.17.2.jar:/home/bleff/.m2/repository/org/slf4j/jul-to-slf4j/1.7.36/jul-to-slf4j-1.7.36.jar:/home/bleff/.m2/repository/jakarta/annotation/jakarta.annotation-api/1.3.5/jakarta.annotation-api-1.3.5.jar:/home/bleff/.m2/repository/org/yaml/snakeyaml/1.30/snakeyaml-1.30.jar:/home/bleff/.m2/repository/org/springframework/boot/spring-boot-starter-json/2.7.5/spring-boot-starter-json-2.7.5.jar:/home/bleff/.m2/repository/com/fasterxml/jackson/core/jackson-databind/2.13.4.2/jackson-databind-2.13.4.2.jar:/home/bleff/.m2/repository/com/fasterxml/jackson/core/jackson-annotations/2.13.4/jackson-annotations-2.13.4.jar:/home/bleff/.m2/repository/com/fasterxml/jackson/core/jackson-core/2.13.4/jackson-core-2.13.4.jar:/home/bleff/.m2/repository/com/fasterxml/jackson/datatype/jackson-datatype-jdk8/2.13.4/jackson-datatype-jdk8-2.13.4.jar:/home/bleff/.m2/repository/com/fasterxml/jackson/datatype/jackson-datatype-jsr310/2.13.4/jackson-datatype-jsr310-2.13.4.jar:/home/bleff/.m2/repository/com/fasterxml/jackson/module/jackson-module-parameter-names/2.13.4/jackson-module-parameter-names-2.13.4.jar:/home/bleff/.m2/repository/org/springframework/boot/spring-boot-starter-tomcat/2.7.5/spring-boot-starter-tomcat-2.7.5.jar:/home/bleff/.m2/repository/org/apache/tomcat/embed/tomcat-embed-core/9.0.68/tomcat-embed-core-9.0.68.jar:/home/bleff/.m2/repository/org/apache/tomcat/embed/tomcat-embed-el/9.0.68/tomcat-embed-el-9.0.68.jar:/home/bleff/.m2/repository/org/apache/tomcat/embed/tomcat-embed-websocket/9.0.68/tomcat-embed-websocket-9.0.68.jar:/home/bleff/.m2/repository/org/springframework/spring-web/5.3.23/spring-web-5.3.23.jar:/home/bleff/.m2/repository/org/springframework/spring-beans/5.3.23/spring-beans-5.3.23.jar:/home/bleff/.m2/repository/org/springframework/spring-webmvc/5.3.23/spring-webmvc-5.3.23.jar:/home/bleff/.m2/repository/org/springframework/spring-aop/5.3.23/spring-aop-5.3.23.jar:/home/bleff/.m2/repository/org/springframework/spring-context/5.3.23/spring-context-5.3.23.jar:/home/bleff/.m2/repository/org/springframework/spring-expression/5.3.23/spring-expression-5.3.23.jar:/home/bleff/.m2/repository/org/springframework/boot/spring-boot-starter-test/2.7.5/spring-boot-starter-test-2.7.5.jar:/home/bleff/.m2/repository/org/springframework/boot/spring-boot-test/2.7.5/spring-boot-test-2.7.5.jar:/home/bleff/.m2/repository/org/springframework/boot/spring-boot-test-autoconfigure/2.7.5/spring-boot-test-autoconfigure-2.7.5.jar:/home/bleff/.m2/repository/com/jayway/jsonpath/json-path/2.7.0/json-path-2.7.0.jar:/home/bleff/.m2/repository/net/minidev/json-smart/2.4.7/json-smart-2.4.7.jar:/home/bleff/.m2/repository/net/minidev/accessors-smart/2.4.7/accessors-smart-2.4.7.jar:/home/bleff/.m2/repository/org/ow2/asm/asm/9.1/asm-9.1.jar:/home/bleff/.m2/repository/jakarta/xml/bind/jakarta.xml.bind-api/2.3.3/jakarta.xml.bind-api-2.3.3.jar:/home/bleff/.m2/repository/jakarta/activation/jakarta.activation-api/1.2.2/jakarta.activation-api-1.2.2.jar:/home/bleff/.m2/repository/org/assertj/assertj-core/3.22.0/assertj-core-3.22.0.jar:/home/bleff/.m2/repository/org/hamcrest/hamcrest/2.2/hamcrest-2.2.jar:/home/bleff/.m2/repository/org/junit/jupiter/junit-jupiter/5.8.2/junit-jupiter-5.8.2.jar:/home/bleff/.m2/repository/org/mockito/mockito-core/4.5.1/mockito-core-4.5.1.jar:/home/bleff/.m2/repository/net/bytebuddy/byte-buddy-agent/1.12.9/byte-buddy-agent-1.12.9.jar:/home/bleff/.m2/repository/org/objenesis/objenesis/3.2/objenesis-3.2.jar:/home/bleff/.m2/repository/org/mockito/mockito-junit-jupiter/4.5.1/mockito-junit-jupiter-4.5.1.jar:/home/bleff/.m2/repository/org/skyscreamer/jsonassert/1.5.1/jsonassert-1.5.1.jar:/home/bleff/.m2/repository/com/vaadin/external/google/android-json/0.0.20131108.vaadin1/android-json-0.0.20131108.vaadin1.jar:/home/bleff/.m2/repository/org/springframework/spring-core/5.3.23/spring-core-5.3.23.jar:/home/bleff/.m2/repository/org/springframework/spring-jcl/5.3.23/spring-jcl-5.3.23.jar:/home/bleff/.m2/repository/org/springframework/spring-test/5.3.23/spring-test-5.3.23.jar:/home/bleff/.m2/repository/org/xmlunit/xmlunit-core/2.9.0/xmlunit-core-2.9.0.jar:/home/bleff/.m2/repository/io/rest-assured/rest-assured/5.3.0/rest-assured-5.3.0.jar:/home/bleff/.m2/repository/org/apache/groovy/groovy/4.0.6/groovy-4.0.6.jar:/home/bleff/.m2/repository/org/apache/groovy/groovy-xml/4.0.6/groovy-xml-4.0.6.jar:/home/bleff/.m2/repository/org/apache/httpcomponents/httpclient/4.5.13/httpclient-4.5.13.jar:/home/bleff/.m2/repository/org/apache/httpcomponents/httpcore/4.4.13/httpcore-4.4.13.jar:/home/bleff/.m2/repository/commons-logging/commons-logging/1.2/commons-logging-1.2.jar:/home/bleff/.m2/repository/commons-codec/commons-codec/1.11/commons-codec-1.11.jar:/home/bleff/.m2/repository/org/apache/httpcomponents/httpmime/4.5.13/httpmime-4.5.13.jar:/home/bleff/.m2/repository/org/ccil/cowan/tagsoup/tagsoup/1.2.1/tagsoup-1.2.1.jar:/home/bleff/.m2/repository/io/rest-assured/json-path/5.3.0/json-path-5.3.0.jar:/home/bleff/.m2/repository/org/apache/groovy/groovy-json/4.0.6/groovy-json-4.0.6.jar:/home/bleff/.m2/repository/io/rest-assured/rest-assured-common/5.3.0/rest-assured-common-5.3.0.jar:/home/bleff/.m2/repository/io/rest-assured/xml-path/5.3.0/xml-path-5.3.0.jar:/home/bleff/.m2/repository/org/apache/commons/commons-lang3/3.11/commons-lang3-3.11.jar:/home/bleff/.m2/repository/org/hibernate/orm/hibernate-core/6.4.2.Final/hibernate-core-6.4.2.Final.jar:/home/bleff/.m2/repository/jakarta/persistence/jakarta.persistence-api/3.1.0/jakarta.persistence-api-3.1.0.jar:/home/bleff/.m2/repository/jakarta/transaction/jakarta.transaction-api/2.0.1/jakarta.transaction-api-2.0.1.jar:/home/bleff/.m2/repository/org/jboss/logging/jboss-logging/3.5.0.Final/jboss-logging-3.5.0.Final.jar:/home/bleff/.m2/repository/org/hibernate/common/hibernate-commons-annotations/6.0.6.Final/hibernate-commons-annotations-6.0.6.Final.jar:/home/bleff/.m2/repository/io/smallrye/jandex/3.1.2/jandex-3.1.2.jar:/home/bleff/.m2/repository/com/fasterxml/classmate/1.5.1/classmate-1.5.1.jar:/home/bleff/.m2/repository/net/bytebuddy/byte-buddy/1.14.7/byte-buddy-1.14.7.jar:/home/bleff/.m2/repository/org/glassfish/jaxb/jaxb-runtime/4.0.2/jaxb-runtime-4.0.2.jar:/home/bleff/.m2/repository/org/glassfish/jaxb/jaxb-core/4.0.2/jaxb-core-4.0.2.jar:/home/bleff/.m2/repository/org/eclipse/angus/angus-activation/2.0.0/angus-activation-2.0.0.jar:/home/bleff/.m2/repository/org/glassfish/jaxb/txw2/4.0.2/txw2-4.0.2.jar:/home/bleff/.m2/repository/com/sun/istack/istack-commons-runtime/4.1.1/istack-commons-runtime-4.1.1.jar:/home/bleff/.m2/repository/jakarta/inject/jakarta.inject-api/2.0.1/jakarta.inject-api-2.0.1.jar:/home/bleff/.m2/repository/org/antlr/antlr4-runtime/4.13.0/antlr4-runtime-4.13.0.jar:/home/bleff/.m2/repository/com/mysql/mysql-connector-j/8.2.0/mysql-connector-j-8.2.0.jar:/home/bleff/.m2/repository/com/google/protobuf/protobuf-java/3.21.9/protobuf-java-3.21.9.jar:/home/bleff/.m2/repository/org/springframework/boot/spring-boot-starter-integration/2.7.5/spring-boot-starter-integration-2.7.5.jar:/home/bleff/.m2/repository/org/springframework/boot/spring-boot-starter-aop/2.7.5/spring-boot-starter-aop-2.7.5.jar:/home/bleff/.m2/repository/org/aspectj/aspectjweaver/1.9.7/aspectjweaver-1.9.7.jar:/home/bleff/.m2/repository/org/springframework/integration/spring-integration-core/5.5.15/spring-integration-core-5.5.15.jar:/home/bleff/.m2/repository/org/springframework/spring-messaging/5.3.23/spring-messaging-5.3.23.jar:/home/bleff/.m2/repository/org/springframework/spring-tx/5.3.23/spring-tx-5.3.23.jar:/home/bleff/.m2/repository/org/springframework/retry/spring-retry/1.3.3/spring-retry-1.3.3.jar:/home/bleff/.m2/repository/io/projectreactor/reactor-core/3.4.23/reactor-core-3.4.23.jar:/home/bleff/.m2/repository/org/reactivestreams/reactive-streams/1.0.4/reactive-streams-1.0.4.jar:/home/bleff/.m2/repository/org/springframework/integration/spring-integration-test/5.5.14/spring-integration-test-5.5.14.jar:/home/bleff/.m2/repository/org/springframework/integration/spring-integration-test-support/5.5.14/spring-integration-test-support-5.5.14.jar:/home/bleff/.m2/repository/org/hamcrest/hamcrest-library/2.2/hamcrest-library-2.2.jar:/home/bleff/.m2/repository/org/hamcrest/hamcrest-core/2.2/hamcrest-core-2.2.jar:/home/bleff/.m2/repository/org/apache/camel/camel-core/3.20.4/camel-core-3.20.4.jar:/home/bleff/.m2/repository/org/apache/camel/camel-core-engine/3.20.4/camel-core-engine-3.20.4.jar:/home/bleff/.m2/repository/org/apache/camel/camel-api/3.20.4/camel-api-3.20.4.jar:/home/bleff/.m2/repository/org/apache/camel/camel-base-engine/3.20.4/camel-base-engine-3.20.4.jar:/home/bleff/.m2/repository/org/apache/camel/camel-base/3.20.4/camel-base-3.20.4.jar:/home/bleff/.m2/repository/org/apache/camel/camel-core-reifier/3.20.4/camel-core-reifier-3.20.4.jar:/home/bleff/.m2/repository/org/apache/camel/camel-core-processor/3.20.4/camel-core-processor-3.20.4.jar:/home/bleff/.m2/repository/org/apache/camel/camel-management-api/3.20.4/camel-management-api-3.20.4.jar:/home/bleff/.m2/repository/org/apache/camel/camel-support/3.20.4/camel-support-3.20.4.jar:/home/bleff/.m2/repository/org/apache/camel/camel-util/3.20.4/camel-util-3.20.4.jar:/home/bleff/.m2/repository/org/apache/camel/camel-core-languages/3.20.4/camel-core-languages-3.20.4.jar:/home/bleff/.m2/repository/org/apache/camel/camel-core-model/3.20.4/camel-core-model-3.20.4.jar:/home/bleff/.m2/repository/org/apache/camel/camel-bean/3.20.4/camel-bean-3.20.4.jar:/home/bleff/.m2/repository/org/apache/camel/camel-browse/3.20.4/camel-browse-3.20.4.jar:/home/bleff/.m2/repository/org/apache/camel/camel-cluster/3.20.4/camel-cluster-3.20.4.jar:/home/bleff/.m2/repository/org/apache/camel/camel-controlbus/3.20.4/camel-controlbus-3.20.4.jar:/home/bleff/.m2/repository/org/apache/camel/camel-dataformat/3.20.4/camel-dataformat-3.20.4.jar:/home/bleff/.m2/repository/org/apache/camel/camel-dataset/3.20.4/camel-dataset-3.20.4.jar:/home/bleff/.m2/repository/org/apache/camel/camel-direct/3.20.4/camel-direct-3.20.4.jar:/home/bleff/.m2/repository/org/apache/camel/camel-directvm/3.20.4/camel-directvm-3.20.4.jar:/home/bleff/.m2/repository/org/apache/camel/camel-file/3.20.4/camel-file-3.20.4.jar:/home/bleff/.m2/repository/org/apache/camel/camel-health/3.20.4/camel-health-3.20.4.jar:/home/bleff/.m2/repository/org/apache/camel/camel-language/3.20.4/camel-language-3.20.4.jar:/home/bleff/.m2/repository/org/apache/camel/camel-log/3.20.4/camel-log-3.20.4.jar:/home/bleff/.m2/repository/org/apache/camel/camel-mock/3.20.4/camel-mock-3.20.4.jar:/home/bleff/.m2/repository/org/apache/camel/camel-ref/3.20.4/camel-ref-3.20.4.jar:/home/bleff/.m2/repository/org/apache/camel/camel-rest/3.20.4/camel-rest-3.20.4.jar:/home/bleff/.m2/repository/org/apache/camel/camel-tooling-model/3.20.4/camel-tooling-model-3.20.4.jar:/home/bleff/.m2/repository/org/apache/camel/camel-util-json/3.20.4/camel-util-json-3.20.4.jar:/home/bleff/.m2/repository/org/apache/camel/camel-saga/3.20.4/camel-saga-3.20.4.jar:/home/bleff/.m2/repository/org/apache/camel/camel-scheduler/3.20.4/camel-scheduler-3.20.4.jar:/home/bleff/.m2/repository/org/apache/camel/camel-seda/3.20.4/camel-seda-3.20.4.jar:/home/bleff/.m2/repository/org/apache/camel/camel-stub/3.20.4/camel-stub-3.20.4.jar:/home/bleff/.m2/repository/org/apache/camel/camel-timer/3.20.4/camel-timer-3.20.4.jar:/home/bleff/.m2/repository/org/apache/camel/camel-validator/3.20.4/camel-validator-3.20.4.jar:/home/bleff/.m2/repository/org/apache/camel/camel-vm/3.20.4/camel-vm-3.20.4.jar:/home/bleff/.m2/repository/org/apache/camel/camel-xpath/3.20.4/camel-xpath-3.20.4.jar:/home/bleff/.m2/repository/org/apache/camel/camel-xslt/3.20.4/camel-xslt-3.20.4.jar:/home/bleff/.m2/repository/org/apache/camel/camel-xml-jaxb/3.20.4/camel-xml-jaxb-3.20.4.jar:/home/bleff/.m2/repository/com/sun/xml/bind/jaxb-core/2.3.0/jaxb-core-2.3.0.jar:/home/bleff/.m2/repository/com/sun/xml/bind/jaxb-impl/2.3.3/jaxb-impl-2.3.3.jar:/home/bleff/.m2/repository/com/sun/activation/jakarta.activation/1.2.2/jakarta.activation-1.2.2.jar:/home/bleff/.m2/repository/org/apache/camel/camel-xml-jaxp/3.20.4/camel-xml-jaxp-3.20.4.jar:/home/bleff/.m2/repository/org/apache/camel/camel-xml-io-util/3.20.4/camel-xml-io-util-3.20.4.jar:/home/bleff/.m2/repository/org/slf4j/slf4j-api/1.7.36/slf4j-api-1.7.36.jar:/home/bleff/.m2/repository/org/apache/camel/camel-test-junit5/3.14.0/camel-test-junit5-3.14.0.jar:/home/bleff/.m2/repository/org/junit/jupiter/junit-jupiter-api/5.8.1/junit-jupiter-api-5.8.1.jar:/home/bleff/.m2/repository/org/opentest4j/opentest4j/1.2.0/opentest4j-1.2.0.jar:/home/bleff/.m2/repository/org/junit/platform/junit-platform-commons/1.8.1/junit-platform-commons-1.8.1.jar:/home/bleff/.m2/repository/org/apiguardian/apiguardian-api/1.1.2/apiguardian-api-1.1.2.jar:/home/bleff/.m2/repository/org/junit/jupiter/junit-jupiter-engine/5.8.1/junit-jupiter-engine-5.8.1.jar:/home/bleff/.m2/repository/org/junit/platform/junit-platform-engine/1.8.1/junit-platform-engine-1.8.1.jar:/home/bleff/.m2/repository/org/junit/jupiter/junit-jupiter-params/5.8.1/junit-jupiter-params-5.8.1.jar:"/>
    <property name="sun.cpu.endian" value="little"/>
    <property name="user.home" value="/home/bleff"/>
    <property name="user.language" value="it"/>
    <property name="java.specification.vendor" value="Oracle Corporation"/>
    <property name="java.version.date" value="2025-01-21"/>
    <property name="java.home" value="/home/bleff/.jdks/corretto-21.0.6"/>
    <property name="file.separator" value="/"/>
    <property name="basedir" value="/home/bleff/Documenti/repositories/ing-sw/designPatterns/DTO"/>
    <property name="java.vm.compressedOopsMode" value="Zero based"/>
    <property name="line.separator" value="&#10;"/>
    <property name="java.specification.name" value="Java Platform API Specification"/>
    <property name="java.vm.specification.vendor" value="Oracle Corporation"/>
    <property name="surefire.real.class.path" value="/home/bleff/Documenti/repositories/ing-sw/designPatterns/DTO/target/surefire/surefirebooter-20250423155310779_3.jar"/>
    <property name="sun.management.compiler" value="HotSpot 64-Bit Tiered Compilers"/>
    <property name="java.runtime.version" value="21.0.6+7-LTS"/>
    <property name="user.name" value="bleff"/>
    <property name="stdout.encoding" value="UTF-8"/>
    <property name="path.separator" value=":"/>
    <property name="os.version" value="6.11.0-21-generic"/>
    <property name="java.runtime.name" value="OpenJDK Runtime Environment"/>
    <property name="file.encoding" value="UTF-8"/>
    <property name="java.vm.name" value="OpenJDK 64-Bit Server VM"/>
    <property name="java.vendor.version" value="Corretto-21.0.6.7.1"/>
    <property name="localRepository" value="/home/bleff/.m2/repository"/>
    <property name="java.vendor.url.bug" value="https://github.com/corretto/corretto-21/issues/"/>
    <property name="java.io.tmpdir" value="/tmp"/>
    <property name="idea.version" value="2024.2.3"/>
    <property name="java.version" value="21.0.6"/>
    <property name="user.dir" value="/home/bleff/Documenti/repositories/ing-sw/designPatterns/DTO"/>
    <property name="os.arch" value="amd64"/>
    <property name="java.vm.specification.name" value="Java Virtual Machine Specification"/>
    <property name="native.encoding" value="UTF-8"/>
    <property name="java.library.path" value="/usr/java/packages/lib:/usr/lib64:/lib64:/lib:/usr/lib"/>
    <property name="java.vm.info" value="mixed mode, sharing"/>
    <property name="stderr.encoding" value="UTF-8"/>
    <property name="java.vendor" value="Amazon.com Inc."/>
    <property name="java.vm.version" value="21.0.6+7-LTS"/>
    <property name="sun.io.unicode.encoding" value="UnicodeLittle"/>
    <property name="java.class.version" value="65.0"/>
  </properties>
  <testcase name="toUser_shouldMapFromDTOToDomain" classname="it.unical.api.MapperUnitTest" time="0.04"/>
  <testcase name="toDto_shouldMapFromDomainToDTO" classname="it.unical.api.MapperUnitTest" time="0.001"/>
</testsuite>